<?xml version="1.0" encoding="UTF-8"?>
<!-- Generated by org.testng.reporters.JUnitReportReporter -->
<testsuite hostname="DESKTOP-896EQCN" failures="0" tests="2" name="testngtest.Testcase1" time="0.037" errors="0" timestamp="2022-05-08T10:49:48 IST" skipped="0">
  <testcase classname="testngtest.Testcase1" name="dologin" time="0.026"/>
  <system-out/>
  <testcase classname="testngtest.Testcase1" name="douserreg" time="0.011"/>
  <system-out/>
</testsuite> <!-- testngtest.Testcase1 -->
