<?xml version="1.0" encoding="UTF-8"?>
<!-- Generated by org.testng.reporters.JUnitReportReporter -->
<testsuite hostname="DESKTOP-896EQCN" failures="0" tests="1" name="com.Testng.Assertions" time="13.085" errors="0" timestamp="2022-05-05T11:58:09 IST" skipped="0">
  <testcase classname="com.Testng.Assertions" name="org" time="13.085"/>
  <system-out/>
</testsuite> <!-- com.Testng.Assertions -->
