<?xml version="1.0" encoding="UTF-8"?>
<!-- Generated by org.testng.reporters.JUnitReportReporter -->
<testsuite hostname="DESKTOP-896EQCN" failures="0" tests="2" name="testngtest.Testcase2" time="0.038" errors="0" timestamp="2022-05-08T18:42:32 IST" skipped="0">
  <testcase classname="testngtest.Testcase2" name="ft1" time="0.034"/>
  <system-out>
    <![CDATA[ft1]]>
  </system-out>
  <testcase classname="testngtest.Testcase2" name="smoke1" time="0.004"/>
  <system-out>
    <![CDATA[smoke1]]>
  </system-out>
</testsuite> <!-- testngtest.Testcase2 -->
