<?xml version="1.0" encoding="UTF-8"?>
<!-- Generated by org.testng.reporters.JUnitReportReporter -->
<testsuite hostname="DESKTOP-896EQCN" failures="0" tests="3" name="com.Testng.Customer" time="0.045" errors="0" timestamp="2022-05-04T11:13:12 IST" skipped="0">
  <testcase classname="com.Testng.Customer" name="createCustomerTest" time="0.028"/>
  <system-out/>
  <testcase classname="com.Testng.Customer" name="ModifyCustomerTest" time="0.009"/>
  <system-out/>
  <testcase classname="com.Testng.Customer" name="deleteCustomerTest" time="0.008"/>
  <system-out/>
</testsuite> <!-- com.Testng.Customer -->
