<?xml version="1.0" encoding="UTF-8"?>
<!-- Generated by org.testng.reporters.JUnitReportReporter -->
<testsuite hostname="DESKTOP-896EQCN" failures="0" tests="2" name="com.Testng.Test2" time="0.038" errors="0" timestamp="2022-05-08T18:25:32 IST" skipped="0">
  <testcase classname="com.Testng.Test2" name="testIOSapp" time="0.021"/>
  <system-out/>
  <testcase classname="com.Testng.Test2" name="testdesktopapp" time="0.017"/>
  <system-out/>
</testsuite> <!-- com.Testng.Test2 -->
