<?xml version="1.0" encoding="UTF-8"?>
<!-- Generated by org.testng.reporters.JUnitReportReporter -->
<testsuite hostname="DESKTOP-896EQCN" failures="0" tests="1" name="com.Testng.Screenshot" time="13.854" errors="0" timestamp="2022-05-05T12:31:35 IST" skipped="0">
  <testcase classname="com.Testng.Screenshot" name="screenschnt" time="13.854"/>
  <system-out/>
</testsuite> <!-- com.Testng.Screenshot -->
