<?xml version="1.0" encoding="UTF-8"?>
<!-- Generated by org.testng.reporters.JUnitReportReporter -->
<testsuite hostname="DESKTOP-896EQCN" failures="0" tests="8" name="com.Testng.GroupingExecution" time="0.079" errors="0" timestamp="2022-05-04T12:27:23 IST" skipped="0">
  <testcase classname="com.Testng.GroupingExecution" name="ft1" time="0.034"/>
  <system-out>
    <![CDATA[ft1]]>
  </system-out>
  <testcase classname="com.Testng.GroupingExecution" name="smoke2" time="0.004"/>
  <system-out>
    <![CDATA[smoke2]]>
  </system-out>
  <testcase classname="com.Testng.GroupingExecution" name="ft2" time="0.005"/>
  <system-out>
    <![CDATA[ft2]]>
  </system-out>
  <testcase classname="com.Testng.GroupingExecution" name="it1" time="0.010"/>
  <system-out>
    <![CDATA[it1]]>
  </system-out>
  <testcase classname="com.Testng.GroupingExecution" name="smoke4" time="0.007"/>
  <system-out>
    <![CDATA[smoke4]]>
  </system-out>
  <testcase classname="com.Testng.GroupingExecution" name="it2" time="0.005"/>
  <system-out>
    <![CDATA[it2]]>
  </system-out>
  <testcase classname="com.Testng.GroupingExecution" name="smoke3" time="0.009"/>
  <system-out>
    <![CDATA[smoke3]]>
  </system-out>
  <testcase classname="com.Testng.GroupingExecution" name="smoke1" time="0.005"/>
  <system-out>
    <![CDATA[smoke1]]>
  </system-out>
</testsuite> <!-- com.Testng.GroupingExecution -->
