<?xml version="1.0" encoding="UTF-8"?>
<!-- Generated by org.testng.reporters.JUnitReportReporter -->
<testsuite hostname="DESKTOP-896EQCN" failures="0" tests="4" name="com.Testng.Testing" time="0.070" errors="0" timestamp="2022-05-04T16:09:29 IST" skipped="0">
  <testcase classname="com.Testng.Testing" name="doUserReg" time="0.028"/>
  <system-out/>
  <testcase classname="com.Testng.Testing" name="doLogin" time="0.011"/>
  <system-out/>
  <testcase classname="com.Testng.Testing" name="thirdTest" time="0.023"/>
  <system-out/>
  <testcase classname="com.Testng.Testing" name="fourthTest" time="0.008"/>
  <system-out/>
</testsuite> <!-- com.Testng.Testing -->
