<?xml version="1.0" encoding="UTF-8"?>
<!-- Generated by org.testng.reporters.JUnitReportReporter -->
<testsuite hostname="DESKTOP-896EQCN" failures="0" tests="3" name="com.Testng.Test1" time="0.098" errors="0" timestamp="2022-05-08T18:25:32 IST" skipped="0">
  <testcase classname="com.Testng.Test1" name="testWebapp1" time="0.036"/>
  <system-out/>
  <testcase classname="com.Testng.Test1" name="testAndroidapp" time="0.042"/>
  <system-out/>
  <testcase classname="com.Testng.Test1" name="testWebapp" time="0.020"/>
  <system-out/>
</testsuite> <!-- com.Testng.Test1 -->
