<?xml version="1.0" encoding="UTF-8"?>
<!-- Generated by org.testng.reporters.JUnitReportReporter -->
<testsuite hostname="DESKTOP-896EQCN" failures="0" tests="2" name="com.Testng.Dataprovider" time="0.037" errors="0" timestamp="2022-05-04T17:10:05 IST" skipped="0">
  <testcase classname="com.Testng.Dataprovider" name="getCred" time="0.030"/>
  <system-out>
    <![CDATA[admin1---pw+]]>
  </system-out>
  <testcase classname="com.Testng.Dataprovider" name="getCred" time="0.007"/>
  <system-out>
    <![CDATA[admin2---pw+]]>
  </system-out>
</testsuite> <!-- com.Testng.Dataprovider -->
