<?xml version="1.0" encoding="UTF-8"?>
<!-- Generated by org.testng.reporters.JUnitReportReporter -->
<testsuite hostname="DESKTOP-896EQCN" failures="0" tests="1" name="com.Vtiger.generic.Tc_002" time="114.757" errors="0" timestamp="2022-05-02T22:25:47 IST" skipped="0">
  <testcase classname="com.Vtiger.generic.Tc_002" name="createorg_dd" time="114.757"/>
  <system-out/>
</testsuite> <!-- com.Vtiger.generic.Tc_002 -->
