<?xml version="1.0" encoding="UTF-8"?>
<!-- Generated by org.testng.reporters.JUnitReportReporter -->
<testsuite hostname="DESKTOP-896EQCN" failures="0" tests="1" name="com.Vtiger.generic.Tc_001Test" time="106.741" errors="0" timestamp="2022-05-03T10:36:12 IST" skipped="0">
  <testcase classname="com.Vtiger.generic.Tc_001Test" name="createorg" time="106.741"/>
  <system-out/>
</testsuite> <!-- com.Vtiger.generic.Tc_001Test -->
